<?xml version="1.0" encoding="UTF-8"?>
<!-- Generated by org.testng.reporters.JUnitReportReporter -->
<testsuite hostname="DUNGS-DESKTOP" failures="0" tests="2" name="fpoly.groupExamples" time="0.010" errors="0" timestamp="2023-11-21T16:01:40 ICT" skipped="0">
  <testcase classname="fpoly.groupExamples" name="testMethod1" time="0.008"/>
  <system-out/>
  <testcase classname="fpoly.groupExamples" name="testMethod3" time="0.002"/>
  <system-out/>
</testsuite> <!-- fpoly.groupExamples -->
