<?xml version="1.0" encoding="UTF-8"?>
<!-- Generated by org.testng.reporters.JUnitReportReporter -->
<testsuite hostname="DUNGS-DESKTOP" failures="0" tests="2" name="fpoly.domeTwo" time="0.003" errors="0" timestamp="2023-11-21T15:58:49 ICT" skipped="0">
  <testcase classname="fpoly.domeTwo" name="f4" time="0.002"/>
  <system-out/>
  <testcase classname="fpoly.domeTwo" name="f3" time="0.001"/>
  <system-out/>
</testsuite> <!-- fpoly.domeTwo -->
