<?xml version="1.0" encoding="UTF-8"?>
<!-- Generated by org.testng.reporters.JUnitReportReporter -->
<testsuite hostname="DUNGS-DESKTOP" failures="0" tests="2" name="fpoly.demoOne" time="0.013" errors="0" timestamp="2023-11-21T15:58:49 ICT" skipped="0">
  <testcase classname="fpoly.demoOne" name="f2" time="0.002"/>
  <system-out/>
  <testcase classname="fpoly.demoOne" name="f" time="0.011"/>
  <system-out/>
</testsuite> <!-- fpoly.demoOne -->
