<?xml version="1.0" encoding="UTF-8"?>
<!-- Generated by org.testng.reporters.JUnitReportReporter -->
<testsuite hostname="DUNGS-DESKTOP" failures="0" tests="1" name="test.NewTest" time="0.010" errors="0" timestamp="2023-11-09T10:11:16 ICT" skipped="0">
  <testcase classname="test.NewTest" name="f" time="0.010"/>
  <system-out/>
</testsuite> <!-- test.NewTest -->
