<?xml version="1.0" encoding="UTF-8"?>
<!-- Generated by org.testng.reporters.JUnitReportReporter -->
<testsuite hostname="DUNGS-DESKTOP" failures="0" tests="2" name="vn.DungVipPro.ktLab7.testClass3" time="0.010" errors="0" timestamp="2023-11-28T15:39:38 ICT" skipped="0">
  <testcase classname="vn.DungVipPro.ktLab7.testClass3" name="d2" time="0.001"/>
  <system-out/>
  <testcase classname="vn.DungVipPro.ktLab7.testClass3" name="d1" time="0.009"/>
  <system-out/>
</testsuite> <!-- vn.DungVipPro.ktLab7.testClass3 -->
