<?xml version="1.0" encoding="UTF-8"?>
<!-- Generated by org.testng.reporters.JUnitReportReporter -->
<testsuite hostname="DUNGS-DESKTOP" failures="0" tests="2" name="vn.DungVipPro.ktLab7.testClass4" time="0.005" errors="0" timestamp="2023-11-28T14:44:09 ICT" skipped="0">
  <testcase classname="vn.DungVipPro.ktLab7.testClass4" name="e1" time="0.002"/>
  <system-out/>
  <testcase classname="vn.DungVipPro.ktLab7.testClass4" name="e2" time="0.003"/>
  <system-out>
    <![CDATA[Method name is e2]]>
  </system-out>
</testsuite> <!-- vn.DungVipPro.ktLab7.testClass4 -->
