<?xml version="1.0" encoding="UTF-8"?>
<!-- Generated by org.testng.reporters.JUnitReportReporter -->
<testsuite hostname="DUNGS-DESKTOP" failures="0" tests="3" name="fpoly.cc" time="15.252" errors="0" timestamp="2023-11-30T10:01:02 ICT" skipped="0">
  <testcase classname="fpoly.cc" name="launchLogin" time="13.689"/>
  <system-out/>
  <testcase classname="fpoly.cc" name="fillLoginDetails" time="1.368"/>
  <system-out/>
  <testcase classname="fpoly.cc" name="doLogin" time="0.195"/>
  <system-out/>
</testsuite> <!-- fpoly.cc -->
