<?xml version="1.0" encoding="UTF-8"?>
<!-- Generated by org.testng.reporters.JUnitReportReporter -->
<testsuite hostname="DUNGS-DESKTOP" failures="0" tests="1" name="vn.DungVipPro.testSelenium.firsttestngfile" time="0.055" errors="0" timestamp="2023-11-23T13:59:18 ICT" skipped="0">
  <testcase classname="vn.DungVipPro.testSelenium.firsttestngfile" name="f" time="0.055"/>
  <system-out/>
</testsuite> <!-- vn.DungVipPro.testSelenium.firsttestngfile -->
