<?xml version="1.0" encoding="UTF-8"?>
<!-- Generated by org.testng.reporters.JUnitReportReporter -->
<testsuite hostname="DUNGS-DESKTOP" failures="0" tests="2" name="vn.DungVipPro.testSelenium.ParametersTesting" time="0.007" errors="0" timestamp="2023-11-23T15:21:37 ICT" skipped="0">
  <testcase classname="vn.DungVipPro.testSelenium.ParametersTesting" name="OpenBrowser" time="0.001"/>
  <system-out/>
  <testcase classname="vn.DungVipPro.testSelenium.ParametersTesting" name="FillLoginForm" time="0.006"/>
  <system-out/>
</testsuite> <!-- vn.DungVipPro.testSelenium.ParametersTesting -->
