<?xml version="1.0" encoding="UTF-8"?>
<!-- Generated by org.testng.reporters.JUnitReportReporter -->
<testsuite hostname="DUNGS-DESKTOP" failures="0" tests="2" name="vn.DungVipPro.testSelenium.TestClass" time="0.017" errors="0" timestamp="2023-11-23T15:21:37 ICT" skipped="0">
  <testcase classname="vn.DungVipPro.testSelenium.TestClass" name="f1" time="0.009"/>
  <system-out/>
  <testcase classname="vn.DungVipPro.testSelenium.TestClass" name="f2" time="0.008"/>
  <system-out/>
</testsuite> <!-- vn.DungVipPro.testSelenium.TestClass -->
