<?xml version="1.0" encoding="UTF-8"?>
<!-- Generated by org.testng.reporters.JUnitReportReporter -->
<testsuite hostname="DUNGS-DESKTOP" failures="0" tests="1" name="test.testNG" time="0.008" errors="0" timestamp="2023-11-09T18:01:43 ICT" skipped="0">
  <testcase classname="test.testNG" name="f" time="0.008"/>
  <system-out/>
</testsuite> <!-- test.testNG -->
